#
# There is insufficient memory for the Java Runtime Environment to continue.
# Native memory allocation (mmap) failed to map 130023424 bytes for Failed to commit area from 0x0000000084400000 to 0x000000008c000000 of length 130023424.
# Possible reasons:
#   The system is out of physical RAM or swap space
#   The process is running with CompressedOops enabled, and the Java Heap may be blocking the growth of the native heap
# Possible solutions:
#   Reduce memory load on the system
#   Increase physical memory or swap space
#   Check if swap backing store is full
#   Decrease Java heap size (-Xmx/-Xms)
#   Decrease number of Java threads
#   Decrease Java thread stack sizes (-Xss)
#   Set larger code cache with -XX:ReservedCodeCacheSize=
# This output file may be truncated or incomplete.
#
#  Out of Memory Error (c:/BuildAgent/work/1eae4dac1d648407/src/hotspot/os/windows/os_windows.cpp:3296), pid=8640, tid=2276
#
# JRE version:  (11.0.6+8) (build )
# Java VM: OpenJDK 64-Bit Server VM (11.0.6+8-b765.25, mixed mode, sharing, tiered, compressed oops, g1 gc, windows-amd64)
# No core dump will be written. Minidumps are not enabled by default on client versions of Windows
#

---------------  S U M M A R Y ------------

Command Line: org.jetbrains.git4idea.http.GitAskPassApp Username for 'https://github.com': 

Host: Intel(R) Core(TM) i5-4200U CPU @ 1.60GHz, 4 cores, 7G,  Windows 10 , 64 bit Build 18362 (10.0.18362.1500)
Time: Wed Aug 18 19:18:37 2021 Greenwich Standard Time elapsed time: 0 seconds (0d 0h 0m 0s)

---------------  T H R E A D  ---------------

Current thread (0x0000019aa1b6c000):  JavaThread "Unknown thread" [_thread_in_vm, id=2276, stack(0x0000000562800000,0x0000000562900000)]

Stack: [0x0000000562800000,0x0000000562900000]
Native frames: (J=compiled Java code, j=interpreted, Vv=VM code, C=native code)
V  [jvm.dll+0x5de3ca]
V  [jvm.dll+0x710ae5]
V  [jvm.dll+0x712005]
V  [jvm.dll+0x7126b3]
V  [jvm.dll+0x23e708]
V  [jvm.dll+0x5db874]
V  [jvm.dll+0x5d0aa5]
V  [jvm.dll+0x2fb0fb]
V  [jvm.dll+0x2fb06a]
V  [jvm.dll+0x2faf42]
V  [jvm.dll+0x2ffe16]
V  [jvm.dll+0x348723]
V  [jvm.dll+0x348e26]
V  [jvm.dll+0x348823]
V  [jvm.dll+0x2d58a8]
V  [jvm.dll+0x2d6a47]
V  [jvm.dll+0x6ef917]
V  [jvm.dll+0x6f110c]
V  [jvm.dll+0x355d69]
V  [jvm.dll+0x6d4afe]
V  [jvm.dll+0x3bf3d3]
V  [jvm.dll+0x3c1921]
C  [jli.dll+0x5363]
C  [ucrtbase.dll+0x210b2]
C  [KERNEL32.DLL+0x17c24]
C  [ntdll.dll+0x6d721]


---------------  P R O C E S S  ---------------

Threads class SMR info:
_java_thread_list=0x0000019aa1995ad0, length=0, elements={
}

Java Threads: ( => current thread )

Other Threads:
  0x0000019aa1b85000 GCTaskThread "GC Thread#0" [stack: 0x0000000562900000,0x0000000562a00000] [id=10680]
  0x0000019aa1bb5800 ConcurrentGCThread "G1 Main Marker" [stack: 0x0000000562a00000,0x0000000562b00000] [id=16016]
  0x0000019aa1bb7000 ConcurrentGCThread "G1 Conc#0" [stack: 0x0000000562b00000,0x0000000562c00000] [id=10776]

[error occurred during error reporting (printing all threads), id 0xc0000005, EXCEPTION_ACCESS_VIOLATION (0xc0000005) at pc=0x00007ffdc4aa6227]

VM state:not at safepoint (not fully initialized)

VM Mutex/Monitor currently owned by a thread:  ([mutex/lock_event])
[0x0000019aa1b67740] Heap_lock - owner thread: 0x0000019aa1b6c000

Heap address: 0x0000000084400000, size: 1980 MB, Compressed Oops mode: Non-zero based: 0x0000000084400000
Narrow klass base: 0x0000000000000000, Narrow klass shift: 0

GC Heap History (0 events):
No events

Deoptimization events (0 events):
No events

Classes redefined (0 events):
No events

Internal exceptions (0 events):
No events

Events (2 events):
Event: 0.009 Loaded shared library C:\Program Files\JetBrains\PhpStorm 2020.1\jbr\bin\zip.dll
Event: 0.009 Loaded shared library C:\Program Files\JetBrains\PhpStorm 2020.1\jbr\bin\jimage.dll


Dynamic libraries:
0x00007ff78b300000 - 0x00007ff78b30a000 	C:\Program Files\JetBrains\PhpStorm 2020.1\jbr\bin\java.exe
0x00007ffe1f040000 - 0x00007ffe1f230000 	C:\WINDOWS\SYSTEM32\ntdll.dll
0x00007ffe1e020000 - 0x00007ffe1e0d2000 	C:\WINDOWS\System32\KERNEL32.DLL
0x00007ffe1cd60000 - 0x00007ffe1d005000 	C:\WINDOWS\System32\KERNELBASE.dll
0x00007ffe1c150000 - 0x00007ffe1c24a000 	C:\WINDOWS\System32\ucrtbase.dll
0x00007ffe15dc0000 - 0x00007ffe15dd7000 	C:\Program Files\JetBrains\PhpStorm 2020.1\jbr\bin\VCRUNTIME140.dll
0x00007ffdeed50000 - 0x00007ffdeed69000 	C:\Program Files\JetBrains\PhpStorm 2020.1\jbr\bin\jli.dll
0x00007ffe1e2c0000 - 0x00007ffe1e454000 	C:\WINDOWS\System32\USER32.dll
0x00007ffe1cd30000 - 0x00007ffe1cd51000 	C:\WINDOWS\System32\win32u.dll
0x00007ffe039b0000 - 0x00007ffe03c34000 	C:\WINDOWS\WinSxS\amd64_microsoft.windows.common-controls_6595b64144ccf1df_6.0.18362.1556_none_9e7e372fe45e41d5\COMCTL32.dll
0x00007ffe1e460000 - 0x00007ffe1e4fe000 	C:\WINDOWS\System32\msvcrt.dll
0x00007ffe1df10000 - 0x00007ffe1df36000 	C:\WINDOWS\System32\GDI32.dll
0x00007ffe1bfb0000 - 0x00007ffe1c148000 	C:\WINDOWS\System32\gdi32full.dll
0x00007ffe1e9d0000 - 0x00007ffe1ed06000 	C:\WINDOWS\System32\combase.dll
0x00007ffe1cc90000 - 0x00007ffe1cd2e000 	C:\WINDOWS\System32\msvcp_win.dll
0x00007ffe1e5f0000 - 0x00007ffe1e70f000 	C:\WINDOWS\System32\RPCRT4.dll
0x00007ffe1c480000 - 0x00007ffe1c501000 	C:\WINDOWS\System32\bcryptPrimitives.dll
0x00007ffe1e290000 - 0x00007ffe1e2be000 	C:\WINDOWS\System32\IMM32.DLL
0x00007ffdc63b0000 - 0x00007ffdc644d000 	C:\Program Files\JetBrains\PhpStorm 2020.1\jbr\bin\msvcp140.dll
0x00007ffdc47c0000 - 0x00007ffdc527d000 	C:\Program Files\JetBrains\PhpStorm 2020.1\jbr\bin\server\jvm.dll
0x00007ffe1e8c0000 - 0x00007ffe1e963000 	C:\WINDOWS\System32\ADVAPI32.dll
0x00007ffe1d8b0000 - 0x00007ffe1d947000 	C:\WINDOWS\System32\sechost.dll
0x00007ffe1df00000 - 0x00007ffe1df08000 	C:\WINDOWS\System32\PSAPI.DLL
0x00007ffe15f40000 - 0x00007ffe15f49000 	C:\WINDOWS\SYSTEM32\WSOCK32.dll
0x00007ffe188a0000 - 0x00007ffe188c4000 	C:\WINDOWS\SYSTEM32\WINMM.dll
0x00007ffe0fd70000 - 0x00007ffe0fd7a000 	C:\WINDOWS\SYSTEM32\VERSION.dll
0x00007ffe1e500000 - 0x00007ffe1e56f000 	C:\WINDOWS\System32\WS2_32.dll
0x00007ffe18870000 - 0x00007ffe1889d000 	C:\WINDOWS\SYSTEM32\winmmbase.dll
0x00007ffe1c250000 - 0x00007ffe1c29a000 	C:\WINDOWS\System32\cfgmgr32.dll
0x00007ffe1bf00000 - 0x00007ffe1bf11000 	C:\WINDOWS\System32\kernel.appcore.dll
0x00007ffdef870000 - 0x00007ffdef881000 	C:\Program Files\JetBrains\PhpStorm 2020.1\jbr\bin\verify.dll
0x00007ffe0dfe0000 - 0x00007ffe0e1d4000 	C:\WINDOWS\SYSTEM32\DBGHELP.DLL
0x00007ffe0dfb0000 - 0x00007ffe0dfda000 	C:\WINDOWS\SYSTEM32\dbgcore.DLL
0x00007ffde6690000 - 0x00007ffde66b9000 	C:\Program Files\JetBrains\PhpStorm 2020.1\jbr\bin\java.dll
0x00007ffdee180000 - 0x00007ffdee198000 	C:\Program Files\JetBrains\PhpStorm 2020.1\jbr\bin\zip.dll
0x00007ffdefb20000 - 0x00007ffdefb2b000 	C:\Program Files\JetBrains\PhpStorm 2020.1\jbr\bin\jimage.dll

dbghelp: loaded successfully - version: 4.0.5 - missing functions: none
symbol engine: initialized successfully - sym options: 0x614 - pdb path: .;C:\Program Files\JetBrains\PhpStorm 2020.1\jbr\bin;C:\WINDOWS\SYSTEM32;C:\WINDOWS\WinSxS\amd64_microsoft.windows.common-controls_6595b64144ccf1df_6.0.18362.1556_none_9e7e372fe45e41d5;C:\Program Files\JetBrains\PhpStorm 2020.1\jbr\bin\server

VM Arguments:
java_command: org.jetbrains.git4idea.http.GitAskPassApp Username for 'https://github.com': 
java_class_path (initial): C:/Program Files/JetBrains/PhpStorm 2020.1/plugins/git4idea/lib/git4idea-rt.jar;C:/Program Files/JetBrains/PhpStorm 2020.1/lib/xmlrpc-2.0.1.jar;C:/Program Files/JetBrains/PhpStorm 2020.1/lib/commons-codec-1.14.jar;C:/Program Files/JetBrains/PhpStorm 2020.1/lib/util.jar
Launcher Type: SUN_STANDARD

[Global flags]
     intx CICompilerCount                          = 3                                         {product} {ergonomic}
     uint ConcGCThreads                            = 1                                         {product} {ergonomic}
     uint G1ConcRefinementThreads                  = 4                                         {product} {ergonomic}
   size_t G1HeapRegionSize                         = 1048576                                   {product} {ergonomic}
    uintx GCDrainStackTargetSize                   = 64                                        {product} {ergonomic}
   size_t InitialHeapSize                          = 130023424                                 {product} {ergonomic}
   size_t MarkStackSize                            = 4194304                                   {product} {ergonomic}
   size_t MaxHeapSize                              = 2076180480                                {product} {ergonomic}
   size_t MinHeapDeltaBytes                        = 1048576                                   {product} {ergonomic}
    uintx NonNMethodCodeHeapSize                   = 5830732                                {pd product} {ergonomic}
    uintx NonProfiledCodeHeapSize                  = 122913754                              {pd product} {ergonomic}
    uintx ProfiledCodeHeapSize                     = 122913754                              {pd product} {ergonomic}
    uintx ReservedCodeCacheSize                    = 251658240                              {pd product} {ergonomic}
     bool SegmentedCodeCache                       = true                                      {product} {ergonomic}
     bool UseCompressedClassPointers               = true                                 {lp64_product} {ergonomic}
     bool UseCompressedOops                        = true                                 {lp64_product} {ergonomic}
     bool UseG1GC                                  = true                                      {product} {ergonomic}
     bool UseLargePagesIndividualAllocation        = false                                  {pd product} {ergonomic}

Logging:
Log output configuration:
 #0: stdout all=warning uptime,level,tags
 #1: stderr all=off uptime,level,tags

Environment Variables:
PATH=C:\Program Files\Git\mingw64\libexec\git-core;C:\Program Files\Git\mingw64\libexec\git-core;C:\Program Files\Git\mingw64\bin;C:\Program Files\Git\usr\bin;C:\Users\Flex\bin;C:\Program Files (x86)\Common Files\Intel\Shared Libraries\redist\intel64\compiler;C:\WINDOWS\system32;C:\WINDOWS;C:\WINDOWS\System32\Wbem;C:\WINDOWS\System32\WindowsPowerShell\v1.0;C:\WINDOWS\System32\OpenSSH;C:\Program Files\Git\cmd;C:\Program Files\nodejs;C:\Program Files\PostgreSQL\12\bin;C:\Program Files\Progress\DataDirect\Connect64_for_ODBC_71\drivers;C:\Program Files\Progress\DataDirect\Connect64_for_ODBC_71\jre\bin;C:\Program Files\Progress\DataDirect\Connect64_for_ODBC_71\jre\bin\server;C:\Program Files\Go\bin;C:\laragon\bin;C:\laragon\bin\apache\httpd-2.4.35-win64-VC15\bin;C:\laragon\bin\composer;C:\laragon\bin\git\bin;C:\laragon\bin\git\cmd;C:\laragon\bin\git\mingw64\bin;C:\laragon\bin\git\usr\bin;C:\laragon\bin\laragon\utils;C:\laragon\bin\mysql\mysql-5.7.24-winx64\bin;C:\laragon\bin\nginx\nginx-1.16.0;C:\laragon\bin\ngrok;C:\laragon\bin\nodejs\node-v12;C:\laragon\bin\notepad++;C:\laragon\bin\php\php-7.4.20-Win32-vc15-x64;C:\laragon\bin\putty;C:\laragon\bin\redis\redis-x64-3.2.100;C:\laragon\bin\telnet;C:\laragon\usr\bin;C:\Users\Flex\AppData\Local\Yarn\config\global\node_modules\.bin;C:\Users\Flex\AppData\Roaming\Composer\vendor\bin;C:\Users\Flex\AppData\Roaming\npm;C:\Program Files\MySQL\MySQL Shell 8.0\bin;C:\Users\Flex\AppData\Local\Microsoft\WindowsApps;C:\Users\Flex\AppData\Local\Programs\Microsoft VS Code\bin;C:\src\flutter\flutter\bin;C:\Users\Flex\AppData\Local\GitHubDesktop\bin;C:\Program Files\heroku\bin;C:\Users\Flex\go\bin
USERNAME=Flex
DISPLAY=:0.0
OS=Windows_NT
PROCESSOR_IDENTIFIER=Intel64 Family 6 Model 69 Stepping 1, GenuineIntel



---------------  S Y S T E M  ---------------

OS: Windows 10 , 64 bit Build 18362 (10.0.18362.1500)

CPU:total 4 (initial active 4) (2 cores per cpu, 2 threads per core) family 6 model 69 stepping 1, cmov, cx8, fxsr, mmx, sse, sse2, sse3, ssse3, sse4.1, sse4.2, popcnt, avx, avx2, aes, clmul, erms, lzcnt, ht, tsc, tscinvbit, bmi1, bmi2, fma

Memory: 4k page, system-wide physical 7912M (748M free)
TotalPageFile size 13669M (AvailPageFile size 79M)
current process WorkingSet (physical memory assigned to process): 9M, peak: 9M
current process commit charge ("private bytes"): 51M, peak: 175M

vm_info: OpenJDK 64-Bit Server VM (11.0.6+8-b765.25) for windows-amd64 JRE (11.0.6+8-b765.25), built on Mar 30 2020 12:57:22 by "" with MS VC++ 14.0 (VS2015)

END.
